<?xml version="1.0" encoding="UTF-8"?>
<testng-results skipped="0" failed="0" ignored="0" total="2" passed="2">
  <reporter-output>
  </reporter-output>
  <suite name="Default suite" duration-ms="45" started-at="2018-04-08T06:48:01Z" finished-at="2018-04-08T06:48:01Z">
    <groups>
    </groups>
    <test name="Default test" duration-ms="45" started-at="2018-04-08T06:48:01Z" finished-at="2018-04-08T06:48:01Z">
      <class name="org.testingmasters.tests.LoginTests">
        <test-method status="PASS" signature="loginInValidCredentials(java.lang.String, java.lang.String, java.lang.String)[pri:2, instance:org.testingmasters.tests.LoginTests@7085bdee]" name="loginInValidCredentials" duration-ms="8" started-at="2018-04-08T06:48:01Z" data-provider="test" finished-at="2018-04-08T06:48:01Z">
          <params>
            <param index="0">
              <value>
                <![CDATA[something]]>
              </value>
            </param>
            <param index="1">
              <value>
                <![CDATA[Somethingelse]]>
              </value>
            </param>
            <param index="2">
              <value>
                <![CDATA[dskjkhdsjhds]]>
              </value>
            </param>
          </params>
          <reporter-output>
          </reporter-output>
        </test-method> <!-- loginInValidCredentials -->
        <test-method status="PASS" signature="loginInValidCredentials(java.lang.String, java.lang.String, java.lang.String)[pri:2, instance:org.testingmasters.tests.LoginTests@7085bdee]" name="loginInValidCredentials" duration-ms="4" started-at="2018-04-08T06:48:01Z" data-provider="test" finished-at="2018-04-08T06:48:01Z">
          <params>
            <param index="0">
              <value>
                <![CDATA[facebook]]>
              </value>
            </param>
            <param index="1">
              <value>
                <![CDATA[Google]]>
              </value>
            </param>
            <param index="2">
              <value>
                <![CDATA[kjsdhds]]>
              </value>
            </param>
          </params>
          <reporter-output>
          </reporter-output>
        </test-method> <!-- loginInValidCredentials -->
        <test-method status="FAIL" signature="tearDown()[pri:0, instance:org.testingmasters.tests.LoginTests@7085bdee]" name="tearDown" is-config="true" duration-ms="0" started-at="2018-04-08T06:48:01Z" finished-at="2018-04-08T06:48:01Z">
          <exception class="java.lang.NullPointerException">
            <full-stacktrace>
              <![CDATA[java.lang.NullPointerException
at org.testingmasters.tests.LoginTests.tearDown(LoginTests.java:71)
at sun.reflect.NativeMethodAccessorImpl.invoke0(Native Method)
at sun.reflect.NativeMethodAccessorImpl.invoke(NativeMethodAccessorImpl.java:62)
at sun.reflect.DelegatingMethodAccessorImpl.invoke(DelegatingMethodAccessorImpl.java:43)
at java.lang.reflect.Method.invoke(Method.java:498)
at org.testng.internal.MethodInvocationHelper.invokeMethod(MethodInvocationHelper.java:124)
at org.testng.internal.MethodInvocationHelper.invokeMethodConsideringTimeout(MethodInvocationHelper.java:59)
at org.testng.internal.Invoker.invokeConfigurationMethod(Invoker.java:455)
at org.testng.internal.Invoker.invokeConfigurations(Invoker.java:222)
at org.testng.internal.Invoker.invokeConfigurations(Invoker.java:142)
at org.testng.TestRunner.afterRun(TestRunner.java:725)
at org.testng.TestRunner.run(TestRunner.java:509)
at org.testng.SuiteRunner.runTest(SuiteRunner.java:455)
at org.testng.SuiteRunner.runSequentially(SuiteRunner.java:450)
at org.testng.SuiteRunner.privateRun(SuiteRunner.java:415)
at org.testng.SuiteRunner.run(SuiteRunner.java:364)
at org.testng.SuiteRunnerWorker.runSuite(SuiteRunnerWorker.java:52)
at org.testng.SuiteRunnerWorker.run(SuiteRunnerWorker.java:84)
at org.testng.TestNG.runSuitesSequentially(TestNG.java:1208)
at org.testng.TestNG.runSuitesLocally(TestNG.java:1137)
at org.testng.TestNG.runSuites(TestNG.java:1049)
at org.testng.TestNG.run(TestNG.java:1017)
at org.testng.remote.AbstractRemoteTestNG.run(AbstractRemoteTestNG.java:114)
at org.testng.remote.RemoteTestNG.initAndRun(RemoteTestNG.java:251)
at org.testng.remote.RemoteTestNG.main(RemoteTestNG.java:77)
]]>
            </full-stacktrace>
          </exception> <!-- java.lang.NullPointerException -->
          <reporter-output>
          </reporter-output>
        </test-method> <!-- tearDown -->
      </class> <!-- org.testingmasters.tests.LoginTests -->
    </test> <!-- Default test -->
  </suite> <!-- Default suite -->
</testng-results>
